Workspace extension with invalid name (defaultProject) found.
- Generating browser application bundles (phase: setup)...
<t> [webpack.cache.PackFileCacheStrategy] restore cache container: 9250.972101 ms
<t> [webpack.cache.PackFileCacheStrategy] check build dependencies: 0.846308 ms
<t> [webpack.cache.PackFileCacheStrategy] restore cache content metadata: 33.555576 ms
    [webpack.cache.PackFileCacheStrategy] starting to restore cache content 0 (101 MiB) because of request to: ProgressPlugin|counts
    [webpack.cache.PackFileCacheStrategy] Deserialization of 'Compilation/modules|/workspaces/ASSET-GUARD-Corporate-Edition-Advanced/node_modules/mini-css-extract-plugin/dist/loader.js!/workspaces/ASSET-GUARD-Corporate-Edition-Advanced/node_modules/css-loader/dist/cjs.js??ruleSet[1].rules[4].rules[0].oneOf[0].use[1]!/workspaces/ASSET-GUARD-Corporate-Edition-Advanced/node_modules/postcss-loader/dist/cjs.js??ruleSet[1].rules[4].rules[0].oneOf[0].use[2]!/workspaces/ASSET-GUARD-Corporate-Edition-Advanced/src/index.css?ngGlobalStyle': 1.286191 ms
    [webpack.cache.PackFileCacheStrategy] Deserialization of 'angular-compiler:resource|6|Compilation/modules|/workspaces/ASSET-GUARD-Corporate-Edition-Advanced/node_modules/css-loader/dist/cjs.js??ruleSet[1].rules[4].rules[0].oneOf[1].use[0]!/workspaces/ASSET-GUARD-Corporate-Edition-Advanced/node_modules/postcss-loader/dist/cjs.js??ruleSet[1].rules[4].rules[0].oneOf[1].use[1]!/workspaces/ASSET-GUARD-Corporate-Edition-Advanced/node_modules/@ngtools/webpack/src/loaders/inline-resource.js!/workspaces/ASSET-GUARD-Corporate-Edition-Advanced/src/components/admin/admin.component.ts': 1.657502 ms
    [webpack.cache.PackFileCacheStrategy] Deserialization of 'angular-compiler:resource|0|Compilation/modules|/workspaces/ASSET-GUARD-Corporate-Edition-Advanced/node_modules/@angular-devkit/build-angular/src/tools/babel/webpack-loader.js??ruleSet[1].rules[2].use[0]!/workspaces/ASSET-GUARD-Corporate-Edition-Advanced/node_modules/css-loader/dist/runtime/api.js': 2.179739 ms
    [webpack.cache.PackFileCacheStrategy] Deserialization of 'Compilation/modules|javascript/esm|/workspaces/ASSET-GUARD-Corporate-Edition-Advanced/node_modules/@angular-devkit/build-angular/src/tools/babel/webpack-loader.js??ruleSet[1].rules[2].use[0]!/workspaces/ASSET-GUARD-Corporate-Edition-Advanced/node_modules/@angular/platform-browser/fesm2022/platform-browser.mjs': 1.155187 ms
<i> [webpack.cache.PackFileCacheStrategy] Deserialization of 'Compilation/modules|javascript/esm|/workspaces/ASSET-GUARD-Corporate-Edition-Advanced/node_modules/@angular-devkit/build-angular/src/tools/babel/webpack-loader.js??ruleSet[1].rules[2].use[0]!/workspaces/ASSET-GUARD-Corporate-Edition-Advanced/node_modules/@angular/core/fesm2022/core.mjs': 8.515412 ms
    [webpack.cache.PackFileCacheStrategy] Deserialization of 'Compilation/modules|/workspaces/ASSET-GUARD-Corporate-Edition-Advanced/node_modules/@angular-devkit/build-angular/src/tools/babel/webpack-loader.js??ruleSet[1].rules[2].use[0]!/workspaces/ASSET-GUARD-Corporate-Edition-Advanced/node_modules/@ngtools/webpack/src/ivy/index.js!/workspaces/ASSET-GUARD-Corporate-Edition-Advanced/src/app.component.ts': 2.998805 ms
    [webpack.cache.PackFileCacheStrategy] Deserialization of 'ResolverCachePlugin|normal|default|fullySpecified=|false|dependencyType=|esm|path=|/workspaces/ASSET-GUARD-Corporate-Edition-Advanced/node_modules/@angular/common/fesm2022|request=|./module-JS82OH2B.mjs': 3.020377 ms
    [webpack.cache.PackFileCacheStrategy] Deserialization of 'angular-compiler:resource|0|Compilation/codeGeneration|/workspaces/ASSET-GUARD-Corporate-Edition-Advanced/node_modules/css-loader/dist/cjs.js??ruleSet[1].rules[4].rules[0].oneOf[1].use[0]!/workspaces/ASSET-GUARD-Corporate-Edition-Advanced/node_modules/postcss-loader/dist/cjs.js??ruleSet[1].rules[4].rules[0].oneOf[1].use[1]!/workspaces/ASSET-GUARD-Corporate-Edition-Advanced/node_modules/@ngtools/webpack/src/loaders/inline-resource.js!/workspaces/ASSET-GUARD-Corporate-Edition-Advanced/src/components/dashboard/dashboard.component.ts|resource': 1.761006 ms
    [webpack.cache.PackFileCacheStrategy] Deserialization of 'Compilation/modules|javascript/esm|/workspaces/ASSET-GUARD-Corporate-Edition-Advanced/node_modules/@angular-devkit/build-angular/src/tools/babel/webpack-loader.js??ruleSet[1].rules[2].use[0]!/workspaces/ASSET-GUARD-Corporate-Edition-Advanced/node_modules/@angular/common/fesm2022/dom_tokens-rA0ACyx7.mjs': 2.195572 ms
    [webpack.cache.PackFileCacheStrategy] Deserialization of 'Compilation/modules|javascript/esm|/workspaces/ASSET-GUARD-Corporate-Edition-Advanced/node_modules/@angular-devkit/build-angular/src/tools/babel/webpack-loader.js??ruleSet[1].rules[2].use[0]!/workspaces/ASSET-GUARD-Corporate-Edition-Advanced/node_modules/@angular/core/fesm2022/untracked-BKcld_ew.mjs': 1.637904 ms
    [webpack.cache.PackFileCacheStrategy] Deserialization of 'Compilation/modules|javascript/esm|/workspaces/ASSET-GUARD-Corporate-Edition-Advanced/node_modules/@angular-devkit/build-angular/src/tools/babel/webpack-loader.js??ruleSet[1].rules[2].use[0]!/workspaces/ASSET-GUARD-Corporate-Edition-Advanced/node_modules/@angular/router/fesm2022/router-Dwfin5Au.mjs': 1.215456 ms
    [webpack.cache.PackFileCacheStrategy] Deserialization of 'Compilation/modules|/workspaces/ASSET-GUARD-Corporate-Edition-Advanced/node_modules/@angular-devkit/build-angular/src/tools/babel/webpack-loader.js??ruleSet[1].rules[2].use[0]!/workspaces/ASSET-GUARD-Corporate-Edition-Advanced/node_modules/rxjs/dist/esm/index.js': 2.955001 ms
    [webpack.cache.PackFileCacheStrategy] Deserialization of 'Compilation/modules|/workspaces/ASSET-GUARD-Corporate-Edition-Advanced/node_modules/@angular-devkit/build-angular/src/tools/babel/webpack-loader.js??ruleSet[1].rules[2].use[0]!/workspaces/ASSET-GUARD-Corporate-Edition-Advanced/node_modules/@ngtools/webpack/src/ivy/index.js!/workspaces/ASSET-GUARD-Corporate-Edition-Advanced/src/components/refurbishment/refurbishment.component.ts': 1.167905 ms
    [webpack.cache.PackFileCacheStrategy] Deserialization of 'Compilation/modules|/workspaces/ASSET-GUARD-Corporate-Edition-Advanced/node_modules/@angular-devkit/build-angular/src/tools/babel/webpack-loader.js??ruleSet[1].rules[2].use[0]!/workspaces/ASSET-GUARD-Corporate-Edition-Advanced/node_modules/@ngtools/webpack/src/ivy/index.js!/workspaces/ASSET-GUARD-Corporate-Edition-Advanced/src/components/maintenance-compliance/maintenance-compliance.component.ts': 1.434821 ms
    [webpack.cache.PackFileCacheStrategy] Deserialization of 'Compilation/modules|/workspaces/ASSET-GUARD-Corporate-Edition-Advanced/node_modules/@angular-devkit/build-angular/src/tools/babel/webpack-loader.js??ruleSet[1].rules[2].use[0]!/workspaces/ASSET-GUARD-Corporate-Edition-Advanced/node_modules/@ngtools/webpack/src/ivy/index.js!/workspaces/ASSET-GUARD-Corporate-Edition-Advanced/src/components/dashboard/dashboard.component.ts': 1.13712 ms
    [webpack.cache.PackFileCacheStrategy] Deserialization of 'Compilation/modules|/workspaces/ASSET-GUARD-Corporate-Edition-Advanced/node_modules/@angular-devkit/build-angular/src/tools/babel/webpack-loader.js??ruleSet[1].rules[2].use[0]!/workspaces/ASSET-GUARD-Corporate-Edition-Advanced/node_modules/@firebase/auth/dist/esm2017/index-35c79a8a.js': 1.006245 ms
<t> [webpack.cache.PackFileCacheStrategy] restore cache content 0 (101 MiB): 607.842124 ms
    [webpack.cache.PackFileCacheStrategy] starting to restore cache content 1 (4.29 KiB) because of request to: Compilation/modules|/workspaces/ASSET-GUARD-Corporate-Edition-Advanced/src/index.css
    [webpack.cache.PackFileCacheStrategy] Deserialization of 'Compilation/modules|/workspaces/ASSET-GUARD-Corporate-Edition-Advanced/src/index.css': 1.955626 ms
<t> [webpack.cache.PackFileCacheStrategy] restore cache content 1 (4.29 KiB): 118.454196 ms
    [webpack.cache.PackFileCacheStrategy] starting to restore cache content 2 (271 KiB) because of request to: ResolverCachePlugin|loader|default|path=|/workspaces/ASSET-GUARD-Corporate-Edition-Advanced/src|request=|/workspaces/ASSET-GUARD-Corporate-Edition-Advanced/node_modules/css-loader/dist/cjs.js
<t> [webpack.cache.PackFileCacheStrategy] restore cache content 2 (271 KiB): 477.688496 ms
